mode: set
_/Users/cheney/Projects/go-filersync/file.go:13.47,14.17 1 1
_/Users/cheney/Projects/go-filersync/file.go:15.2,16.16 2 1
_/Users/cheney/Projects/go-filersync/file.go:17.2,21.8 2 1
_/Users/cheney/Projects/go-filersync/file.go:14.17,14.55 1 1
_/Users/cheney/Projects/go-filersync/file.go:16.16,16.26 1 1
_/Users/cheney/Projects/go-filersync/file.go:24.37,26.2 1 1
_/Users/cheney/Projects/go-filersync/fileselector.go:6.24,7.2 0 0
_/Users/cheney/Projects/go-filersync/fileselector.go:12.40,13.2 0 0
_/Users/cheney/Projects/go-filersync/fileselector.go:15.62,17.2 1 0
_/Users/cheney/Projects/go-filersync/fileselector.go:19.62,21.2 1 0
_/Users/cheney/Projects/go-filersync/pathselector.go:23.60,24.24 1 1
_/Users/cheney/Projects/go-filersync/pathselector.go:32.2,33.14 2 1
_/Users/cheney/Projects/go-filersync/pathselector.go:24.24,25.22 1 1
_/Users/cheney/Projects/go-filersync/pathselector.go:26.3,26.23 1 1
_/Users/cheney/Projects/go-filersync/pathselector.go:25.22,25.29 1 1
_/Users/cheney/Projects/go-filersync/pathselector.go:26.23,30.4 3 1
_/Users/cheney/Projects/go-filersync/pathselector.go:35.37,38.22 3 1
_/Users/cheney/Projects/go-filersync/pathselector.go:44.2,44.13 1 1
_/Users/cheney/Projects/go-filersync/pathselector.go:45.2,45.23 1 1
_/Users/cheney/Projects/go-filersync/pathselector.go:38.22,39.20 1 1
_/Users/cheney/Projects/go-filersync/pathselector.go:39.20,42.4 2 1
_/Users/cheney/Projects/go-filersync/pathselector.go:44.13,44.26 1 0
_/Users/cheney/Projects/go-filersync/pathselector.go:48.62,49.33 1 1
_/Users/cheney/Projects/go-filersync/pathselector.go:53.2,53.20 1 1
_/Users/cheney/Projects/go-filersync/pathselector.go:57.2,57.30 1 1
_/Users/cheney/Projects/go-filersync/pathselector.go:58.2,60.8 3 1
_/Users/cheney/Projects/go-filersync/pathselector.go:49.33,52.3 2 0
_/Users/cheney/Projects/go-filersync/pathselector.go:53.20,56.3 2 0
_/Users/cheney/Projects/go-filersync/pathselector.go:57.30,57.45 1 1
_/Users/cheney/Projects/go-filersync/pathselector.go:63.44,64.30 1 1
_/Users/cheney/Projects/go-filersync/pathselector.go:67.2,67.14 1 0
_/Users/cheney/Projects/go-filersync/pathselector.go:64.30,65.33 1 1
_/Users/cheney/Projects/go-filersync/pathselector.go:65.33,65.48 1 1
_/Users/cheney/Projects/go-filersync/pathselector.go:70.61,72.16 2 1
_/Users/cheney/Projects/go-filersync/pathselector.go:73.2,75.30 3 1
_/Users/cheney/Projects/go-filersync/pathselector.go:81.2,82.17 2 1
_/Users/cheney/Projects/go-filersync/pathselector.go:84.2,85.16 2 1
_/Users/cheney/Projects/go-filersync/pathselector.go:87.2,88.24 2 1
_/Users/cheney/Projects/go-filersync/pathselector.go:94.2,95.8 2 1
_/Users/cheney/Projects/go-filersync/pathselector.go:72.16,72.26 1 0
_/Users/cheney/Projects/go-filersync/pathselector.go:75.30,77.38 2 1
_/Users/cheney/Projects/go-filersync/pathselector.go:78.3,79.14 2 1
_/Users/cheney/Projects/go-filersync/pathselector.go:77.38,77.48 1 0
_/Users/cheney/Projects/go-filersync/pathselector.go:79.14,79.27 1 1
_/Users/cheney/Projects/go-filersync/pathselector.go:82.17,82.27 1 1
_/Users/cheney/Projects/go-filersync/pathselector.go:85.16,85.26 1 0
_/Users/cheney/Projects/go-filersync/pathselector.go:88.24,89.33 1 1
_/Users/cheney/Projects/go-filersync/pathselector.go:89.33,92.4 2 1
_/Users/cheney/Projects/go-filersync/pathupgrade.go:11.62,15.2 3 1
_/Users/cheney/Projects/go-filersync/pathupgrade.go:17.61,18.6 1 1
_/Users/cheney/Projects/go-filersync/pathupgrade.go:18.6,20.17 2 1
_/Users/cheney/Projects/go-filersync/pathupgrade.go:21.3,21.32 1 1
_/Users/cheney/Projects/go-filersync/pathupgrade.go:24.3,24.30 1 1
_/Users/cheney/Projects/go-filersync/pathupgrade.go:20.17,20.31 1 0
_/Users/cheney/Projects/go-filersync/pathupgrade.go:21.32,23.4 1 1
_/Users/cheney/Projects/go-filersync/pathupgrade.go:29.46,30.24 1 1
_/Users/cheney/Projects/go-filersync/pathupgrade.go:35.2,35.39 1 1
_/Users/cheney/Projects/go-filersync/pathupgrade.go:40.2,40.32 1 1
_/Users/cheney/Projects/go-filersync/pathupgrade.go:46.2,46.14 1 1
_/Users/cheney/Projects/go-filersync/pathupgrade.go:30.24,33.3 2 1
_/Users/cheney/Projects/go-filersync/pathupgrade.go:35.39,38.3 2 1
_/Users/cheney/Projects/go-filersync/pathupgrade.go:40.32,41.29 1 1
_/Users/cheney/Projects/go-filersync/pathupgrade.go:41.29,44.4 2 0
_/Users/cheney/Projects/go-filersync/pathupgrade.go:49.41,50.22 1 1
_/Users/cheney/Projects/go-filersync/pathupgrade.go:51.2,51.14 1 0
_/Users/cheney/Projects/go-filersync/pathupgrade.go:50.22,50.34 1 1
_/Users/cheney/Projects/go-filersync/pathupgrade.go:50.34,50.49 1 1
_/Users/cheney/Projects/go-filersync/statlinked.go:14.64,18.16 3 1
_/Users/cheney/Projects/go-filersync/statlinked.go:19.2,19.8 1 1
_/Users/cheney/Projects/go-filersync/statlinked.go:18.16,18.26 1 0
_/Users/cheney/Projects/go-filersync/statlinked.go:22.49,23.30 1 1
_/Users/cheney/Projects/go-filersync/statlinked.go:26.2,26.11 1 1
_/Users/cheney/Projects/go-filersync/statlinked.go:23.30,24.29 1 1
_/Users/cheney/Projects/go-filersync/statlinked.go:24.29,24.43 1 1
_/Users/cheney/Projects/go-filersync/statlinked.go:29.49,33.2 3 1
_/Users/cheney/Projects/go-filersync/statlinked.go:35.62,37.31 2 1
_/Users/cheney/Projects/go-filersync/statlinked.go:42.2,44.26 3 1
_/Users/cheney/Projects/go-filersync/statlinked.go:52.2,53.8 2 1
_/Users/cheney/Projects/go-filersync/statlinked.go:37.31,39.17 2 1
_/Users/cheney/Projects/go-filersync/statlinked.go:39.17,39.27 1 0
_/Users/cheney/Projects/go-filersync/statlinked.go:44.26,46.15 2 1
_/Users/cheney/Projects/go-filersync/statlinked.go:46.15,48.4 1 0
_/Users/cheney/Projects/go-filersync/statlinked.go:48.5,50.4 1 1
_/Users/cheney/Projects/go-filersync/statlinked.go:56.59,61.30 4 1
_/Users/cheney/Projects/go-filersync/statlinked.go:67.2,67.8 1 0
_/Users/cheney/Projects/go-filersync/statlinked.go:61.30,62.45 1 1
_/Users/cheney/Projects/go-filersync/statlinked.go:62.45,63.15 1 1
_/Users/cheney/Projects/go-filersync/statlinked.go:64.4,64.10 1 1
_/Users/cheney/Projects/go-filersync/statlinked.go:63.15,63.45 1 1
_/Users/cheney/Projects/go-filersync/statlinked.go:70.59,75.30 4 1
_/Users/cheney/Projects/go-filersync/statlinked.go:84.2,85.8 2 0
_/Users/cheney/Projects/go-filersync/statlinked.go:75.30,76.29 1 1
_/Users/cheney/Projects/go-filersync/statlinked.go:82.3,82.19 1 1
_/Users/cheney/Projects/go-filersync/statlinked.go:76.29,77.30 1 1
_/Users/cheney/Projects/go-filersync/statlinked.go:80.4,80.10 1 1
_/Users/cheney/Projects/go-filersync/statlinked.go:77.30,79.5 1 1
_/Users/cheney/Projects/go-filersync/statlinked.go:82.19,82.36 1 0
_/Users/cheney/Projects/go-filersync/statlinked.go:88.52,93.23 4 1
_/Users/cheney/Projects/go-filersync/statlinked.go:94.2,94.24 1 1
_/Users/cheney/Projects/go-filersync/statlinked.go:93.23,93.33 1 0
_/Users/cheney/Projects/go-filersync/statlinked.go:97.51,102.23 4 0
_/Users/cheney/Projects/go-filersync/statlinked.go:103.2,103.37 1 0
_/Users/cheney/Projects/go-filersync/statlinked.go:102.23,102.33 1 0
_/Users/cheney/Projects/go-filersync/statlinked.go:106.49,108.13 2 1
_/Users/cheney/Projects/go-filersync/statlinked.go:110.2,114.13 4 1
_/Users/cheney/Projects/go-filersync/statlinked.go:108.13,108.23 1 0
_/Users/cheney/Projects/go-filersync/log.go:16.13,17.28 1 1
_/Users/cheney/Projects/go-filersync/log.go:17.28,18.16 1 1
_/Users/cheney/Projects/go-filersync/log.go:18.16,18.32 1 0
_/Users/cheney/Projects/go-filersync/log.go:22.54,22.114 1 0
_/Users/cheney/Projects/go-filersync/log.go:23.43,23.69 1 0
_/Users/cheney/Projects/go-filersync/log.go:24.44,25.18 1 0
_/Users/cheney/Projects/go-filersync/log.go:26.2,26.25 1 0
_/Users/cheney/Projects/go-filersync/log.go:25.18,25.28 1 0
_/Users/cheney/Projects/go-filersync/log.go:28.44,28.71 1 0
_/Users/cheney/Projects/go-filersync/log.go:29.43,29.69 1 0
_/Users/cheney/Projects/go-filersync/log.go:30.25,34.2 3 0
_/Users/cheney/Projects/go-filersync/log.go:36.56,42.2 5 0
_/Users/cheney/Projects/go-filersync/offset.go:18.30,22.2 1 1
_/Users/cheney/Projects/go-filersync/offset.go:24.65,29.2 4 1
_/Users/cheney/Projects/go-filersync/offset.go:31.64,33.10 2 1
_/Users/cheney/Projects/go-filersync/offset.go:34.2,35.8 2 1
_/Users/cheney/Projects/go-filersync/offset.go:33.10,33.20 1 1
_/Users/cheney/Projects/go-filersync/offset.go:38.55,44.2 4 1
_/Users/cheney/Projects/go-filersync/offset.go:46.55,51.10 5 1
_/Users/cheney/Projects/go-filersync/offset.go:55.2,55.20 1 1
_/Users/cheney/Projects/go-filersync/offset.go:51.10,54.3 2 0
_/Users/cheney/Projects/go-filersync/offset.go:58.54,60.8 2 1
_/Users/cheney/Projects/go-filersync/offset.go:60.8,62.3 1 0
_/Users/cheney/Projects/go-filersync/offset.go:62.4,67.3 1 1
_/Users/cheney/Projects/go-filersync/offset.go:70.63,75.2 4 0
_/Users/cheney/Projects/go-filersync/offset.go:77.66,79.10 2 0
_/Users/cheney/Projects/go-filersync/offset.go:80.2,81.8 2 0
_/Users/cheney/Projects/go-filersync/offset.go:79.10,79.20 1 0
_/Users/cheney/Projects/go-filersync/offset.go:84.47,89.2 4 1
_/Users/cheney/Projects/go-filersync/offset.go:91.50,93.10 2 1
_/Users/cheney/Projects/go-filersync/offset.go:94.2,95.8 2 1
_/Users/cheney/Projects/go-filersync/offset.go:93.10,93.20 1 0
_/Users/cheney/Projects/go-filersync/offset.go:98.46,103.2 4 1
_/Users/cheney/Projects/go-filersync/offset.go:105.49,107.10 2 1
_/Users/cheney/Projects/go-filersync/offset.go:108.2,108.18 1 1
_/Users/cheney/Projects/go-filersync/offset.go:107.10,107.20 1 1
_/Users/cheney/Projects/go-filersync/offset.go:111.44,116.2 4 1
_/Users/cheney/Projects/go-filersync/offset.go:118.47,120.10 2 1
_/Users/cheney/Projects/go-filersync/offset.go:121.2,122.8 2 1
_/Users/cheney/Projects/go-filersync/offset.go:120.10,120.20 1 0
_/Users/cheney/Projects/go-filersync/stat.go:16.39,18.2 1 1
_/Users/cheney/Projects/go-filersync/stat.go:20.38,22.2 1 0
_/Users/cheney/Projects/go-filersync/stat.go:24.39,26.2 1 1
_/Users/cheney/Projects/go-filersync/stat.go:28.40,30.2 1 0
_/Users/cheney/Projects/go-filersync/stat.go:32.31,32.47 1 1
_/Users/cheney/Projects/go-filersync/stat.go:36.30,36.47 1 1
_/Users/cheney/Projects/go-filersync/stat.go:37.40,37.80 1 1
_/Users/cheney/Projects/go-filersync/stat.go:38.40,38.67 1 0
_/Users/cheney/Projects/go-filersync/stat.go:41.27,41.43 1 1
_/Users/cheney/Projects/go-filersync/stat.go:43.48,49.2 4 0
_/Users/cheney/Projects/go-filersync/stat.go:51.51,57.2 5 1
_/Users/cheney/Projects/go-filersync/stat_darwin_amd64.go:8.54,16.2 3 1
_/Users/cheney/Projects/go-filersync/status.go:14.54,16.16 2 0
_/Users/cheney/Projects/go-filersync/status.go:17.2,21.8 2 0
_/Users/cheney/Projects/go-filersync/status.go:16.16,16.26 1 0
_/Users/cheney/Projects/go-filersync/status.go:24.56,26.2 1 0
_/Users/cheney/Projects/go-filersync/status.go:28.26,30.2 1 0
_/Users/cheney/Projects/go-filersync/status.go:32.73,34.10 2 0
_/Users/cheney/Projects/go-filersync/status.go:37.2,38.10 2 0
_/Users/cheney/Projects/go-filersync/status.go:41.2,41.8 1 0
_/Users/cheney/Projects/go-filersync/status.go:34.10,36.3 1 0
_/Users/cheney/Projects/go-filersync/status.go:38.10,40.3 1 0
_/Users/cheney/Projects/go-filersync/status.go:44.60,46.16 2 0
_/Users/cheney/Projects/go-filersync/status.go:47.2,48.8 2 0
_/Users/cheney/Projects/go-filersync/status.go:46.16,46.26 1 0
_/Users/cheney/Projects/go-filersync/status.go:51.68,53.16 2 0
_/Users/cheney/Projects/go-filersync/status.go:54.2,55.8 2 0
_/Users/cheney/Projects/go-filersync/status.go:53.16,53.26 1 0
_/Users/cheney/Projects/go-filersync/status.go:58.47,60.2 1 0
_/Users/cheney/Projects/go-filersync/status.go:62.68,64.16 2 0
_/Users/cheney/Projects/go-filersync/status.go:65.2,66.8 2 0
_/Users/cheney/Projects/go-filersync/status.go:64.16,64.26 1 0
_/Users/cheney/Projects/go-filersync/status.go:69.54,72.2 2 0
_/Users/cheney/Projects/go-filersync/status.go:74.44,76.2 1 0
_/Users/cheney/Projects/go-filersync/status.go:78.47,80.2 1 0
